<?xml version="1.0" encoding="UTF-8"?>
<!-- Generated by org.testng.reporters.JUnitReportReporter -->
<testsuite hostname="DESKTOP-B4NK6IV" failures="0" tests="2" name="BMW" time="15.291" errors="0" timestamp="2022-12-29T16:17:52 EET" skipped="0">
  <testcase classname="BMW" name="check_if_all_results_contains_the_world_bmw" time="7.934"/>
  <system-out/>
  <testcase classname="BMW" name="search_the_item_in_image" time="7.357"/>
  <system-out/>
</testsuite> <!-- BMW -->
