<?xml version="1.0" encoding="UTF-8"?>
<!-- Generated by org.testng.reporters.JUnitReportReporter -->
<testsuite hostname="DESKTOP-B4NK6IV" failures="0" tests="1" name="Facebook" time="0.185" errors="0" timestamp="2022-12-29T01:05:35 EET" skipped="0">
  <testcase classname="Facebook" name="TestTitle" time="0.185"/>
  <system-out/>
</testsuite> <!-- Facebook -->
