<?xml version="1.0" encoding="UTF-8"?>
<!-- Generated by org.testng.reporters.JUnitReportReporter -->
<testsuite hostname="DESKTOP-B4NK6IV" failures="0" tests="1" name="Google" time="0.060" errors="0" timestamp="2022-12-29T16:16:17 EET" skipped="0">
  <testcase classname="Google" name="TestTitle" time="0.060"/>
  <system-out/>
</testsuite> <!-- Google -->
